#
# There is insufficient memory for the Java Runtime Environment to continue.
# Native memory allocation (malloc) failed to allocate 85458944 bytes for committing reserved memory.
# Possible reasons:
#   The system is out of physical RAM or swap space
#   In 32 bit mode, the process size limit was hit
# Possible solutions:
#   Reduce memory load on the system
#   Increase physical memory or swap space
#   Check if swap backing store is full
#   Use 64 bit Java on a 64 bit OS
#   Decrease Java heap size (-Xmx/-Xms)
#   Decrease number of Java threads
#   Decrease Java thread stack sizes (-Xss)
#   Set larger code cache with -XX:ReservedCodeCacheSize=
# This output file may be truncated or incomplete.
#
#  Out of Memory Error (os_linux.cpp:2798), pid=8639, tid=140279211300608
#
# JRE version: OpenJDK Runtime Environment (7.0_65-b32) (build 1.7.0_65-b32)
# Java VM: OpenJDK 64-Bit Server VM (24.65-b04 mixed mode linux-amd64 compressed oops)
# Derivative: IcedTea 2.5.3
# Distribution: Debian GNU/Linux 7.6 (wheezy), package 7u71-2.5.3-2~deb7u1
# Failed to write core dump. Core dumps have been disabled. To enable core dumping, try "ulimit -c unlimited" before starting Java again
#

---------------  T H R E A D  ---------------

Current thread (0x0000000000a0f800):  VMThread [stack: 0x00007f954c7f1000,0x00007f954c8f2000] [id=8646]

Stack: [0x00007f954c7f1000,0x00007f954c8f2000],  sp=0x00007f954c8f0490,  free space=1021k
Native frames: (J=compiled Java code, j=interpreted, Vv=VM code, C=native code)
V  [libjvm.so+0x9283a5]  VMError::report_and_die()+0x175
V  [libjvm.so+0x490040]  report_vm_out_of_memory(char const*, int, unsigned long, char const*)+0x70
V  [libjvm.so+0x7b3273]  os::pd_commit_memory(char*, unsigned long, unsigned long, bool)+0x103
V  [libjvm.so+0x7ada76]  os::commit_memory(char*, unsigned long, unsigned long, bool)+0x26
V  [libjvm.so+0x81a0db]  PSVirtualSpace::expand_by(unsigned long)+0x6b
V  [libjvm.so+0x81aea8]  PSYoungGen::resize_generation(unsigned long, unsigned long)+0xa8
V  [libjvm.so+0x81b502]  PSYoungGen::resize(unsigned long, unsigned long)+0x22
V  [libjvm.so+0x817dc1]  PSScavenge::invoke_no_policy()+0xdc1
V  [libjvm.so+0x8185f3]  PSScavenge::invoke()+0x43
V  [libjvm.so+0x7d1dae]  ParallelScavengeHeap::failed_mem_allocate(unsigned long)+0x6e
V  [libjvm.so+0x929e20]  VM_ParallelGCFailedAllocation::doit()+0x90
V  [libjvm.so+0x92e522]  VM_Operation::evaluate()+0x52
V  [libjvm.so+0x92cea8]  VMThread::evaluate_operation(VM_Operation*)+0x318
V  [libjvm.so+0x92d2ce]  VMThread::loop()+0x1ee
V  [libjvm.so+0x92d712]  VMThread::run()+0x72
V  [libjvm.so+0x7b0152]  java_start(Thread*)+0xf2

VM_Operation (0x00007f9556bfb5f0): ParallelGCFailedAllocation, mode: safepoint, requested by thread 0x00000000009a4800


---------------  P R O C E S S  ---------------

Java Threads: ( => current thread )
  0x0000000000ef9800 JavaThread "process reaper" daemon [_thread_blocked, id=8656, stack(0x00007f9546512000,0x00007f954654b000)]
  0x00007f9548001000 JavaThread "Service Thread" daemon [_thread_blocked, id=8652, stack(0x00007f954c074000,0x00007f954c175000)]
  0x0000000000a4f000 JavaThread "C2 CompilerThread1" daemon [_thread_blocked, id=8651, stack(0x00007f954c175000,0x00007f954c276000)]
  0x0000000000a4b800 JavaThread "C2 CompilerThread0" daemon [_thread_blocked, id=8650, stack(0x00007f954c276000,0x00007f954c377000)]
  0x0000000000a49800 JavaThread "Signal Dispatcher" daemon [_thread_blocked, id=8649, stack(0x00007f954c377000,0x00007f954c478000)]
  0x0000000000a16000 JavaThread "Finalizer" daemon [_thread_blocked, id=8648, stack(0x00007f954c5ef000,0x00007f954c6f0000)]
  0x0000000000a14000 JavaThread "Reference Handler" daemon [_thread_blocked, id=8647, stack(0x00007f954c6f0000,0x00007f954c7f1000)]
  0x00000000009a4800 JavaThread "main" [_thread_blocked, id=8641, stack(0x00007f9556afe000,0x00007f9556bff000)]

Other Threads:
=>0x0000000000a0f800 VMThread [stack: 0x00007f954c7f1000,0x00007f954c8f2000] [id=8646]
  0x00007f954800c000 WatcherThread [stack: 0x00007f9547eff000,0x00007f9548000000] [id=8653]

VM state:at safepoint (normal execution)

VM Mutex/Monitor currently owned by a thread:  ([mutex/lock_event])
[0x00000000009a0be0] Threads_lock - owner thread: 0x0000000000a0f800
[0x00000000009a10e0] Heap_lock - owner thread: 0x00000000009a4800

Heap
 PSYoungGen      total 132096K, used 10210K [0x00000000ec600000, 0x00000000f5200000, 0x0000000100000000)
  eden space 121856K, 0% used [0x00000000ec600000,0x00000000ec600000,0x00000000f3d00000)
  from space 10240K, 99% used [0x00000000f3d00000,0x00000000f46f88c0,0x00000000f4700000)
  to   space 9216K, 0% used [0x00000000f4700000,0x00000000f4700000,0x00000000f5000000)
 ParOldGen       total 39936K, used 22064K [0x00000000c5200000, 0x00000000c7900000, 0x00000000ec600000)
  object space 39936K, 55% used [0x00000000c5200000,0x00000000c678c228,0x00000000c7900000)
 PSPermGen       total 27648K, used 27143K [0x00000000bac00000, 0x00000000bc700000, 0x00000000c5200000)
  object space 27648K, 98% used [0x00000000bac00000,0x00000000bc681ca0,0x00000000bc700000)

Card table byte_map: [0x00007f95505f4000,0x00007f955081f000] byte_map_base: 0x00007f955001e000

Polling page: 0x00007f9556c1d000

Code Cache  [0x00007f955081f000, 0x00007f9550a8f000, 0x00007f955381f000)
 total_blobs=1031 nmethods=711 adapters=273 free_code_cache=46850Kb largest_free_block=47868224

Compilation events (10 events):
Event: 13,695 Thread 0x0000000000a4f000  758             org.codehaus.plexus.util.SelectorUtils::matchAntPathPattern (566 bytes)
Event: 13,731 Thread 0x0000000000a4f000 nmethod 758 0x00007f9550a69dd0 code [0x00007f9550a6a0a0, 0x00007f9550a6ba00]
Event: 13,774 Thread 0x0000000000a4b800  759             java.util.zip.ZipFile::access$400 (5 bytes)
Event: 13,775 Thread 0x0000000000a4b800 nmethod 759 0x00007f9550a527d0 code [0x00007f9550a52900, 0x00007f9550a52958]
Event: 13,953 Thread 0x0000000000a4f000  761             java.nio.Buffer::checkIndex (22 bytes)
Event: 13,954 Thread 0x0000000000a4f000 nmethod 761 0x00007f95509d9c50 code [0x00007f95509d9d80, 0x00007f95509d9df8]
Event: 14,016 Thread 0x0000000000a4b800  762             java.lang.ref.WeakReference::<init> (7 bytes)
Event: 14,017 Thread 0x0000000000a4b800 nmethod 762 0x00007f95509d9a10 code [0x00007f95509d9b40, 0x00007f95509d9bd8]
Event: 14,017 Thread 0x0000000000a4f000  763   !         sun.misc.Resource::getBytes (242 bytes)
Event: 14,114 Thread 0x0000000000a4f000 nmethod 763 0x00007f9550a71fd0 code [0x00007f9550a72340, 0x00007f9550a75b78]

GC Heap History (10 events):
Event: 3,460 GC heap after
Heap after GC invocations=4 (full 0):
 PSYoungGen      total 33280K, used 2528K [0x00000000ec600000, 0x00000000ee900000, 0x0000000100000000)
  eden space 30720K, 0% used [0x00000000ec600000,0x00000000ec600000,0x00000000ee400000)
  from space 2560K, 98% used [0x00000000ee680000,0x00000000ee8f8020,0x00000000ee900000)
  to   space 2560K, 0% used [0x00000000ee400000,0x00000000ee400000,0x00000000ee680000)
 ParOldGen       total 39936K, used 3303K [0x00000000c5200000, 0x00000000c7900000, 0x00000000ec600000)
  object space 39936K, 8% used [0x00000000c5200000,0x00000000c5539ef8,0x00000000c7900000)
 PSPermGen       total 21504K, used 12091K [0x00000000bac00000, 0x00000000bc100000, 0x00000000c5200000)
  object space 21504K, 56% used [0x00000000bac00000,0x00000000bb7cec20,0x00000000bc100000)
}
Event: 4,642 GC heap before
{Heap before GC invocations=5 (full 0):
 PSYoungGen      total 33280K, used 33248K [0x00000000ec600000, 0x00000000ee900000, 0x0000000100000000)
  eden space 30720K, 100% used [0x00000000ec600000,0x00000000ee400000,0x00000000ee400000)
  from space 2560K, 98% used [0x00000000ee680000,0x00000000ee8f8020,0x00000000ee900000)
  to   space 2560K, 0% used [0x00000000ee400000,0x00000000ee400000,0x00000000ee680000)
 ParOldGen       total 39936K, used 3303K [0x00000000c5200000, 0x00000000c7900000, 0x00000000ec600000)
  object space 39936K, 8% used [0x00000000c5200000,0x00000000c5539ef8,0x00000000c7900000)
 PSPermGen       total 21504K, used 12740K [0x00000000bac00000, 0x00000000bc100000, 0x00000000c5200000)
  object space 21504K, 59% used [0x00000000bac00000,0x00000000bb871020,0x00000000bc100000)
Event: 4,659 GC heap after
Heap after GC invocations=5 (full 0):
 PSYoungGen      total 33280K, used 2560K [0x00000000ec600000, 0x00000000f0e00000, 0x0000000100000000)
  eden space 30720K, 0% used [0x00000000ec600000,0x00000000ec600000,0x00000000ee400000)
  from space 2560K, 100% used [0x00000000ee400000,0x00000000ee680000,0x00000000ee680000)
  to   space 6144K, 0% used [0x00000000f0800000,0x00000000f0800000,0x00000000f0e00000)
 ParOldGen       total 39936K, used 5677K [0x00000000c5200000, 0x00000000c7900000, 0x00000000ec600000)
  object space 39936K, 14% used [0x00000000c5200000,0x00000000c578b430,0x00000000c7900000)
 PSPermGen       total 21504K, used 12740K [0x00000000bac00000, 0x00000000bc100000, 0x00000000c5200000)
  object space 21504K, 59% used [0x00000000bac00000,0x00000000bb871020,0x00000000bc100000)
}
Event: 5,495 GC heap before
{Heap before GC invocations=6 (full 0):
 PSYoungGen      total 33280K, used 33280K [0x00000000ec600000, 0x00000000f0e00000, 0x0000000100000000)
  eden space 30720K, 100% used [0x00000000ec600000,0x00000000ee400000,0x00000000ee400000)
  from space 2560K, 100% used [0x00000000ee400000,0x00000000ee680000,0x00000000ee680000)
  to   space 6144K, 0% used [0x00000000f0800000,0x00000000f0800000,0x00000000f0e00000)
 ParOldGen       total 39936K, used 5677K [0x00000000c5200000, 0x00000000c7900000, 0x00000000ec600000)
  object space 39936K, 14% used [0x00000000c5200000,0x00000000c578b430,0x00000000c7900000)
 PSPermGen       total 21504K, used 13195K [0x00000000bac00000, 0x00000000bc100000, 0x00000000c5200000)
  object space 21504K, 61% used [0x00000000bac00000,0x00000000bb8e2ca0,0x00000000bc100000)
Event: 5,503 GC heap after
Heap after GC invocations=6 (full 0):
 PSYoungGen      total 67584K, used 4384K [0x00000000ec600000, 0x00000000f0e00000, 0x0000000100000000)
  eden space 61440K, 0% used [0x00000000ec600000,0x00000000ec600000,0x00000000f0200000)
  from space 6144K, 71% used [0x00000000f0800000,0x00000000f0c48000,0x00000000f0e00000)
  to   space 6144K, 0% used [0x00000000f0200000,0x00000000f0200000,0x00000000f0800000)
 ParOldGen       total 39936K, used 5677K [0x00000000c5200000, 0x00000000c7900000, 0x00000000ec600000)
  object space 39936K, 14% used [0x00000000c5200000,0x00000000c578b430,0x00000000c7900000)
 PSPermGen       total 21504K, used 13195K [0x00000000bac00000, 0x00000000bc100000, 0x00000000c5200000)
  object space 21504K, 61% used [0x00000000bac00000,0x00000000bb8e2ca0,0x00000000bc100000)
}
Event: 7,956 GC heap before
{Heap before GC invocations=7 (full 0):
 PSYoungGen      total 67584K, used 65824K [0x00000000ec600000, 0x00000000f0e00000, 0x0000000100000000)
  eden space 61440K, 100% used [0x00000000ec600000,0x00000000f0200000,0x00000000f0200000)
  from space 6144K, 71% used [0x00000000f0800000,0x00000000f0c48000,0x00000000f0e00000)
  to   space 6144K, 0% used [0x00000000f0200000,0x00000000f0200000,0x00000000f0800000)
 ParOldGen       total 39936K, used 5677K [0x00000000c5200000, 0x00000000c7900000, 0x00000000ec600000)
  object space 39936K, 14% used [0x00000000c5200000,0x00000000c578b430,0x00000000c7900000)
 PSPermGen       total 21504K, used 18849K [0x00000000bac00000, 0x00000000bc100000, 0x00000000c5200000)
  object space 21504K, 87% used [0x00000000bac00000,0x00000000bbe68400,0x00000000bc100000)
Event: 7,985 GC heap after
Heap after GC invocations=7 (full 0):
 PSYoungGen      total 67584K, used 6112K [0x00000000ec600000, 0x00000000f5000000, 0x0000000100000000)
  eden space 61440K, 0% used [0x00000000ec600000,0x00000000ec600000,0x00000000f0200000)
  from space 6144K, 99% used [0x00000000f0200000,0x00000000f07f8020,0x00000000f0800000)
  to   space 9216K, 0% used [0x00000000f4700000,0x00000000f4700000,0x00000000f5000000)
 ParOldGen       total 39936K, used 10330K [0x00000000c5200000, 0x00000000c7900000, 0x00000000ec600000)
  object space 39936K, 25% used [0x00000000c5200000,0x00000000c5c16a18,0x00000000c7900000)
 PSPermGen       total 21504K, used 18849K [0x00000000bac00000, 0x00000000bc100000, 0x00000000c5200000)
  object space 21504K, 87% used [0x00000000bac00000,0x00000000bbe68400,0x00000000bc100000)
}
Event: 9,274 GC heap before
{Heap before GC invocations=8 (full 0):
 PSYoungGen      total 67584K, used 67552K [0x00000000ec600000, 0x00000000f5000000, 0x0000000100000000)
  eden space 61440K, 100% used [0x00000000ec600000,0x00000000f0200000,0x00000000f0200000)
  from space 6144K, 99% used [0x00000000f0200000,0x00000000f07f8020,0x00000000f0800000)
  to   space 9216K, 0% used [0x00000000f4700000,0x00000000f4700000,0x00000000f5000000)
 ParOldGen       total 39936K, used 10330K [0x00000000c5200000, 0x00000000c7900000, 0x00000000ec600000)
  object space 39936K, 25% used [0x00000000c5200000,0x00000000c5c16a18,0x00000000c7900000)
 PSPermGen       total 21504K, used 21201K [0x00000000bac00000, 0x00000000bc100000, 0x00000000c5200000)
  object space 21504K, 98% used [0x00000000bac00000,0x00000000bc0b4428,0x00000000bc100000)
Event: 9,302 GC heap after
Heap after GC invocations=8 (full 0):
 PSYoungGen      total 131072K, used 8067K [0x00000000ec600000, 0x00000000f5200000, 0x0000000100000000)
  eden space 121856K, 0% used [0x00000000ec600000,0x00000000ec600000,0x00000000f3d00000)
  from space 9216K, 87% used [0x00000000f4700000,0x00000000f4ee0e90,0x00000000f5000000)
  to   space 10240K, 0% used [0x00000000f3d00000,0x00000000f3d00000,0x00000000f4700000)
 ParOldGen       total 39936K, used 11468K [0x00000000c5200000, 0x00000000c7900000, 0x00000000ec600000)
  object space 39936K, 28% used [0x00000000c5200000,0x00000000c5d33228,0x00000000c7900000)
 PSPermGen       total 21504K, used 21201K [0x00000000bac00000, 0x00000000bc100000, 0x00000000c5200000)
  object space 21504K, 98% used [0x00000000bac00000,0x00000000bc0b4428,0x00000000bc100000)
}
Event: 14,386 GC heap before
{Heap before GC invocations=9 (full 0):
 PSYoungGen      total 131072K, used 129923K [0x00000000ec600000, 0x00000000f5200000, 0x0000000100000000)
  eden space 121856K, 100% used [0x00000000ec600000,0x00000000f3d00000,0x00000000f3d00000)
  from space 9216K, 87% used [0x00000000f4700000,0x00000000f4ee0e90,0x00000000f5000000)
  to   space 10240K, 0% used [0x00000000f3d00000,0x00000000f3d00000,0x00000000f4700000)
 ParOldGen       total 39936K, used 11468K [0x00000000c5200000, 0x00000000c7900000, 0x00000000ec600000)
  object space 39936K, 28% used [0x00000000c5200000,0x00000000c5d33228,0x00000000c7900000)
 PSPermGen       total 27648K, used 27143K [0x00000000bac00000, 0x00000000bc700000, 0x00000000c5200000)
  object space 27648K, 98% used [0x00000000bac00000,0x00000000bc681ca0,0x00000000bc700000)

Deoptimization events (10 events):
Event: 10,485 Thread 0x00000000009a4800 Uncommon trap: reason=unreached action=reinterpret pc=0x00007f95509ffb44 method=com.sun.tools.javac.util.List.prependList(Lcom/sun/tools/javac/util/List;)Lcom/sun/tools/javac/util/List; @ 4
Event: 10,760 Thread 0x00000000009a4800 Uncommon trap: reason=unreached action=reinterpret pc=0x00007f95509f2028 method=com.sun.tools.javac.jvm.ClassReader.classSigToType()Lcom/sun/tools/javac/code/Type; @ 148
Event: 11,660 Thread 0x00000000009a4800 Uncommon trap: reason=bimorphic action=maybe_recompile pc=0x00007f95509ba764 method=java.util.HashMap.putAll(Ljava/util/Map;)V @ 121
Event: 12,109 Thread 0x00000000009a4800 Uncommon trap: reason=class_check action=maybe_recompile pc=0x00007f95508fb610 method=java.util.concurrent.ConcurrentHashMap$Segment.put(Ljava/lang/Object;ILjava/lang/Object;Z)Ljava/lang/Object; @ 77
Event: 12,112 Thread 0x00000000009a4800 Uncommon trap: reason=unreached action=reinterpret pc=0x00007f95508c11c0 method=sun.misc.URLClassPath$JarLoader.getResource(Ljava/lang/String;Z)Lsun/misc/Resource; @ 68
Event: 12,436 Thread 0x00000000009a4800 Uncommon trap: reason=unreached action=reinterpret pc=0x00007f9550a09274 method=com.sun.tools.javac.code.Scope.dble()V @ 44
Event: 12,689 Thread 0x00000000009a4800 Uncommon trap: reason=null_check action=make_not_entrant pc=0x00007f9550a300dc method=com.sun.tools.javac.jvm.ClassReader.enterClass(Lcom/sun/tools/javac/util/Name;Ljavax/tools/JavaFileObject;)Lcom/sun/tools/javac/code/Symbol$ClassSymbol; @ 10
Event: 13,279 Thread 0x00000000009a4800 Uncommon trap: reason=unreached action=reinterpret pc=0x00007f95509aa4f4 method=java.util.Collections.eq(Ljava/lang/Object;Ljava/lang/Object;)Z @ 1
Event: 13,486 Thread 0x00000000009a4800 Uncommon trap: reason=null_check action=make_not_entrant pc=0x00007f9550a629cc method=sun.nio.cs.StreamDecoder.inReady()Z @ 21
Event: 13,608 Thread 0x00000000009a4800 Uncommon trap: reason=bimorphic action=maybe_recompile pc=0x00007f95509ba764 method=java.util.HashMap.putAll(Ljava/util/Map;)V @ 121

Internal exceptions (10 events):
Event: 14,034 Thread 0x00000000009a4800 Threw 0x00000000f31e6c88 at /build/openjdk-7-shttNS/openjdk-7-7u71-2.5.3/build/openjdk/hotspot/src/share/vm/prims/jvm.cpp:1284
Event: 14,034 Thread 0x00000000009a4800 Threw 0x00000000f31e7468 at /build/openjdk-7-shttNS/openjdk-7-7u71-2.5.3/build/openjdk/hotspot/src/share/vm/prims/jvm.cpp:1284
Event: 14,034 Thread 0x00000000009a4800 Threw 0x00000000f31e7d08 at /build/openjdk-7-shttNS/openjdk-7-7u71-2.5.3/build/openjdk/hotspot/src/share/vm/prims/jvm.cpp:1284
Event: 14,043 Thread 0x00000000009a4800 Threw 0x00000000f3245ea8 at /build/openjdk-7-shttNS/openjdk-7-7u71-2.5.3/build/openjdk/hotspot/src/share/vm/prims/jvm.cpp:1284
Event: 14,237 Thread 0x00000000009a4800 Threw 0x00000000f33adb70 at /build/openjdk-7-shttNS/openjdk-7-7u71-2.5.3/build/openjdk/hotspot/src/share/vm/prims/jvm.cpp:1284
Event: 14,240 Thread 0x00000000009a4800 Threw 0x00000000f33bd880 at /build/openjdk-7-shttNS/openjdk-7-7u71-2.5.3/build/openjdk/hotspot/src/share/vm/prims/jvm.cpp:1284
Event: 14,240 Thread 0x00000000009a4800 Threw 0x00000000f33c1258 at /build/openjdk-7-shttNS/openjdk-7-7u71-2.5.3/build/openjdk/hotspot/src/share/vm/prims/jvm.cpp:1284
Event: 14,240 Thread 0x00000000009a4800 Threw 0x00000000f33c1ab0 at /build/openjdk-7-shttNS/openjdk-7-7u71-2.5.3/build/openjdk/hotspot/src/share/vm/prims/jvm.cpp:1284
Event: 14,241 Thread 0x00000000009a4800 Threw 0x00000000f33c22c0 at /build/openjdk-7-shttNS/openjdk-7-7u71-2.5.3/build/openjdk/hotspot/src/share/vm/prims/jvm.cpp:1284
Event: 14,241 Thread 0x00000000009a4800 Threw 0x00000000f33c2a98 at /build/openjdk-7-shttNS/openjdk-7-7u71-2.5.3/build/openjdk/hotspot/src/share/vm/prims/jvm.cpp:1284

Events (10 events):
Event: 13,745 loading class 0x00007f95480d1d70 done
Event: 13,746 loading class 0x0000000000babb60
Event: 13,746 loading class 0x0000000000babb60 done
Event: 13,746 loading class 0x0000000000babb60
Event: 13,746 loading class 0x0000000000babb60 done
Event: 13,843 loading class 0x00007f9548bef400
Event: 13,843 loading class 0x00007f9548bef400 done
Event: 13,844 loading class 0x00007f9548bef440
Event: 13,844 loading class 0x00007f9548bef440 done
Event: 14,385 Executing VM operation: ParallelGCFailedAllocation


Dynamic libraries:
00400000-00401000 r-xp 00000000 08:06 1717615                            /usr/lib/jvm/java-7-openjdk-amd64/jre/bin/java
00600000-00601000 r--p 00000000 08:06 1717615                            /usr/lib/jvm/java-7-openjdk-amd64/jre/bin/java
00601000-00602000 rw-p 00001000 08:06 1717615                            /usr/lib/jvm/java-7-openjdk-amd64/jre/bin/java
00997000-01cfa000 rw-p 00000000 00:00 0                                  [heap]
bac00000-bc700000 rw-p 00000000 00:00 0 
bc700000-c5200000 rw-p 00000000 00:00 0 
c5200000-c7900000 rw-p 00000000 00:00 0 
c7900000-ec600000 rw-p 00000000 00:00 0 
ec600000-f5200000 rw-p 00000000 00:00 0 
fa380000-100000000 rw-p 00000000 00:00 0 
7f95461a2000-7f95461a3000 rw-p 00000000 00:00 0 
7f95461a3000-7f954620d000 r--s 0069e000 08:06 930097                     /usr/lib/jvm/java-7-openjdk-amd64/lib/tools.jar
7f954620d000-7f954620f000 r--s 00002000 08:06 526379                     /home/kevin/.m2/repository/org/codehaus/plexus/plexus-compiler-javac/1.8.1/plexus-compiler-javac-1.8.1.jar
7f954620f000-7f9546211000 r--s 00000000 08:06 526380                     /home/kevin/.m2/repository/org/codehaus/plexus/plexus-compiler-manager/1.8.1/plexus-compiler-manager-1.8.1.jar
7f9546211000-7f9546212000 r--s 00004000 08:06 526381                     /home/kevin/.m2/repository/org/codehaus/plexus/plexus-compiler-api/1.8.1/plexus-compiler-api-1.8.1.jar
7f9546212000-7f9546214000 r--s 00006000 08:06 527230                     /home/kevin/.m2/repository/org/apache/maven/plugins/maven-compiler-plugin/2.3.2/maven-compiler-plugin-2.3.2.jar
7f9546214000-7f9546216000 r--s 0000d000 08:06 527441                     /home/kevin/.m2/repository/org/codehaus/plexus/plexus-interpolation/1.13/plexus-interpolation-1.13.jar
7f9546216000-7f9546217000 r--s 00001000 08:06 527439                     /home/kevin/.m2/repository/org/sonatype/plexus/plexus-build-api/0.0.4/plexus-build-api-0.0.4.jar
7f9546217000-7f9546219000 r--s 00009000 08:06 527438                     /home/kevin/.m2/repository/org/apache/maven/shared/maven-filtering/1.0/maven-filtering-1.0.jar
7f9546219000-7f954621b000 r--s 00002000 08:06 527436                     /home/kevin/.m2/repository/org/codehaus/plexus/plexus-interactivity-api/1.0-alpha-4/plexus-interactivity-api-1.0-alpha-4.jar
7f954621b000-7f954621d000 r--s 00006000 08:06 527433                     /home/kevin/.m2/repository/commons-cli/commons-cli/1.0/commons-cli-1.0.jar
7f954621d000-7f954621e000 r--s 00001000 08:06 527431                     /home/kevin/.m2/repository/org/apache/maven/doxia/doxia-sink-api/1.0-alpha-7/doxia-sink-api-1.0-alpha-7.jar
7f954621e000-7f954621f000 r--s 00002000 08:06 527432                     /home/kevin/.m2/repository/org/apache/maven/reporting/maven-reporting-api/2.0.6/maven-reporting-api-2.0.6.jar
7f954621f000-7f9546221000 r--s 00005000 08:06 527212                     /home/kevin/.m2/repository/org/apache/maven/plugins/maven-resources-plugin/2.5/maven-resources-plugin-2.5.jar
7f9546221000-7f954628b000 r--s 0069e000 08:06 930097                     /usr/lib/jvm/java-7-openjdk-amd64/lib/tools.jar
7f954628b000-7f9546290000 r--s 0003d000 08:06 527194                     /home/kevin/.m2/repository/org/codehaus/plexus/plexus-utils/1.5.9/plexus-utils-1.5.9.jar
7f9546290000-7f9546293000 r--s 0001b000 08:06 527193                     /home/kevin/.m2/repository/junit/junit/3.8.1/junit-3.8.1.jar
7f9546293000-7f9546295000 r--s 0000b000 08:06 527192                     /home/kevin/.m2/repository/org/codehaus/plexus/plexus-interpolation/1.11/plexus-interpolation-1.11.jar
7f9546295000-7f954629d000 r--s 00049000 08:06 527191                     /home/kevin/.m2/repository/backport-util-concurrent/backport-util-concurrent/3.1/backport-util-concurrent-3.1.jar
7f954629d000-7f95462a6000 r--s 000b9000 08:06 1061873                    /usr/lib/jvm/java-7-openjdk-amd64/jre/lib/resources.jar
7f95462a6000-7f95462b0000 r--s 0006d000 08:06 528352                     /home/kevin/.m2/repository/org/hibernate/hibernate-entitymanager/4.2.15.Final/hibernate-entitymanager-4.2.15.Final.jar
7f95462b0000-7f95462b3000 r--s 00011000 08:06 528351                     /home/kevin/.m2/repository/org/hibernate/common/hibernate-commons-annotations/4.0.2.Final/hibernate-commons-annotations-4.0.2.Final.jar
7f95462b3000-7f95462b5000 r--s 00005000 08:06 528350                     /home/kevin/.m2/repository/org/jboss/spec/javax/transaction/jboss-transaction-api_1.1_spec/1.0.1.Final/jboss-transaction-api_1.1_spec-1.0.1.Final.jar
7f95462b5000-7f95462bf000 r--s 000a5000 08:06 528349                     /home/kevin/.m2/repository/org/javassist/javassist/3.18.1-GA/javassist-3.18.1-GA.jar
7f95462bf000-7f95462c4000 r--s 00048000 08:06 527746                     /home/kevin/.m2/repository/dom4j/dom4j/1.6.1/dom4j-1.6.1.jar
7f95462c4000-7f95462c6000 r--s 0000d000 08:06 527744                     /home/kevin/.m2/repository/org/jboss/logging/jboss-logging/3.1.0.GA/jboss-logging-3.1.0.GA.jar
7f95462c6000-7f95462cb000 r--s 00068000 08:06 527754                     /home/kevin/.m2/repository/antlr/antlr/2.7.7/antlr-2.7.7.jar
7f95462cb000-7f954631c000 r--s 00427000 08:06 528353                     /home/kevin/.m2/repository/org/hibernate/hibernate-core/4.2.15.Final/hibernate-core-4.2.15.Final.jar
7f954631c000-7f954631e000 r--s 00005000 08:06 526958                     /home/kevin/.m2/repository/org/slf4j/slf4j-api/1.6.1/slf4j-api-1.6.1.jar
7f954631e000-7f9546323000 r--s 00014000 08:06 526956                     /home/kevin/.m2/repository/org/hibernate/javax/persistence/hibernate-jpa-2.0-api/1.0.0.Final/hibernate-jpa-2.0-api-1.0.0.Final.jar
7f9546323000-7f9546326000 r--s 00016000 08:06 526954                     /home/kevin/.m2/repository/com/mysema/querydsl/querydsl-jpa/2.3.2/querydsl-jpa-2.3.2.jar
7f9546326000-7f9546328000 r--s 0000c000 08:06 526952                     /home/kevin/.m2/repository/com/mysema/querydsl/querydsl-apt/2.3.2/querydsl-apt-2.3.2.jar
7f9546328000-7f9546329000 r--s 0000a000 08:06 526950                     /home/kevin/.m2/repository/asm/asm/3.1/asm-3.1.jar
7f9546329000-7f9546330000 r--s 0003e000 08:06 526951                     /home/kevin/.m2/repository/cglib/cglib/2.2/cglib-2.2.jar
7f9546330000-7f9546331000 r--s 00000000 08:06 526946                     /home/kevin/.m2/repository/javax/inject/javax.inject/1/javax.inject-1.jar
7f9546331000-7f9546332000 r--s 00002000 08:06 526944                     /home/kevin/.m2/repository/net/sourceforge/findbugs/annotations/1.3.2/annotations-1.3.2.jar
7f9546332000-7f9546334000 r--s 00004000 08:06 526942                     /home/kevin/.m2/repository/net/sourceforge/findbugs/jsr305/1.3.2/jsr305-1.3.2.jar
7f9546334000-7f9546336000 r--s 0000d000 08:06 526941                     /home/kevin/.m2/repository/com/mysema/codegen/codegen/0.4.7/codegen-0.4.7.jar
7f9546336000-7f9546337000 r--s 00002000 08:06 526938                     /home/kevin/.m2/repository/com/mysema/commons/mysema-commons-lang/0.2.2/mysema-commons-lang-0.2.2.jar
7f9546337000-7f954633c000 r--s 00048000 08:06 526937                     /home/kevin/.m2/repository/org/apache/commons/commons-lang3/3.0.1/commons-lang3-3.0.1.jar
7f954633c000-7f9546348000 r--s 00076000 08:06 526934                     /home/kevin/.m2/repository/net/sourceforge/collections/collections-generic/4.01/collections-generic-4.01.jar
7f9546348000-7f9546350000 r--s 0005b000 08:06 526932                     /home/kevin/.m2/repository/com/mysema/querydsl/querydsl-core/2.3.2/querydsl-core-2.3.2.jar
7f9546350000-7f9546355000 r--s 00017000 08:06 526930                     /home/kevin/.m2/repository/org/hibernate/javax/persistence/hibernate-jpa-2.1-api/1.0.0.Final/hibernate-jpa-2.1-api-1.0.0.Final.jar
7f9546355000-7f954635c000 r--s 000b5000 08:06 526928                     /home/kevin/.m2/repository/mysql/mysql-connector-java/5.1.13/mysql-connector-java-5.1.13.jar
7f954635c000-7f9546367000 r--s 0008b000 08:06 526926                     /home/kevin/.m2/repository/c3p0/c3p0/0.9.1.2/c3p0-0.9.1.2.jar
7f9546367000-7f9546375000 r--s 0008c000 08:06 528190                     /home/kevin/.m2/repository/org/springframework/spring-web/3.2.8.RELEASE/spring-web-3.2.8.RELEASE.jar
7f9546375000-7f9546382000 r--s 0007f000 08:06 526920                     /home/kevin/.m2/repository/commons-collections/commons-collections/3.2/commons-collections-3.2.jar
7f9546382000-7f9546384000 r--s 0000e000 08:06 526918                     /home/kevin/.m2/repository/commons-pool/commons-pool/1.3/commons-pool-1.3.jar
7f9546384000-7f9546386000 r--s 0001c000 08:06 526917                     /home/kevin/.m2/repository/commons-dbcp/commons-dbcp/1.2.2/commons-dbcp-1.2.2.jar
7f9546386000-7f9546389000 r--s 00018000 08:06 526914                     /home/kevin/.m2/repository/commons-io/commons-io/1.4/commons-io-1.4.jar
7f9546389000-7f9546395000 r--s 00090000 08:06 526910                     /home/kevin/.m2/repository/org/springframework/spring-webmvc/3.2.0.RELEASE/spring-webmvc-3.2.0.RELEASE.jar
7f9546395000-7f95463a0000 r--s 00064000 08:06 526908                     /home/kevin/.m2/repository/org/springframework/spring-test/3.2.0.RELEASE/spring-test-3.2.0.RELEASE.jar
7f95463a0000-7f95463a1000 r--s 00006000 08:06 526906                     /home/kevin/.m2/repository/org/springframework/batch/spring-batch-test/2.2.0.RELEASE/spring-batch-test-2.2.0.RELEASE.jar
7f95463a1000-7f95463a4000 r--s 00011000 08:06 526904                     /home/kevin/.m2/repository/org/springframework/retry/spring-retry/1.0.2.RELEASE/spring-retry-1.0.2.RELEASE.jar
7f95463a4000-7f95463ad000 r--s 0004d000 08:06 526902                     /home/kevin/.m2/repository/org/springframework/batch/spring-batch-infrastructure/2.2.0.RELEASE/spring-batch-infrastructure-2.2.0.RELEASE.jar
7f95463ad000-7f95463af000 r--s 0000f000 08:06 526890                     /home/kevin/.m2/repository/org/codehaus/jettison/jettison/1.1/jettison-1.1.jar
7f95463af000-7f95463b1000 r--s 00005000 08:06 526888                     /home/kevin/.m2/repository/xpp3/xpp3_min/1.1.4c/xpp3_min-1.1.4c.jar
7f95463b1000-7f95463bc000 r--s 0005a000 08:06 526886                     /home/kevin/.m2/repository/com/thoughtworks/xstream/xstream/1.3/xstream-1.3.jar
7f95463bc000-7f95463c9000 r--s 0007a000 08:06 526884                     /home/kevin/.m2/repository/org/springframework/batch/spring-batch-core/2.2.0.RELEASE/spring-batch-core-2.2.0.RELEASE.jar
7f95463c9000-7f95463cb000 r--s 00011000 08:06 528173                     /home/kevin/.m2/repository/org/springframework/spring-oxm/3.2.8.RELEASE/spring-oxm-3.2.8.RELEASE.jar
7f95463cb000-7f95463cd000 r--s 0000e000 08:06 528148                     /home/kevin/.m2/repository/commons-logging/commons-logging/1.1.3/commons-logging-1.1.3.jar
7f95463cd000-7f95463df000 r--s 000c4000 08:06 528111                     /home/kevin/.m2/repository/org/springframework/spring-core/3.2.8.RELEASE/spring-core-3.2.8.RELEASE.jar
7f95463df000-7f95463e9000 r--s 0005c000 08:06 528106                     /home/kevin/.m2/repository/jstl/jstl/1.2/jstl-1.2.jar
7f95463e9000-7f95463ed000 r--s 0002c000 08:06 528072                     /home/kevin/.m2/repository/org/springframework/spring-expression/3.2.8.RELEASE/spring-expression-3.2.8.RELEASE.jar
7f95463ed000-7f95463f7000 r--s 0004a000 08:06 528060                     /home/kevin/.m2/repository/org/springframework/security/spring-security-web/3.2.3.RELEASE/spring-security-web-3.2.3.RELEASE.jar
7f95463f7000-7f954640c000 r--s 000bf000 08:06 528053                     /home/kevin/.m2/repository/org/springframework/spring-context/3.2.8.RELEASE/spring-context-3.2.8.RELEASE.jar
7f954640c000-7f9546417000 r--s 0004d000 08:06 528055                     /home/kevin/.m2/repository/org/springframework/security/spring-security-core/3.2.3.RELEASE/spring-security-core-3.2.3.RELEASE.jar
7f9546417000-7f954641f000 r--s 0005c000 08:06 528050                     /home/kevin/.m2/repository/org/springframework/security/spring-security-config/3.2.3.RELEASE/spring-security-config-3.2.3.RELEASE.jar
7f954641f000-7f9546427000 r--s 0003a000 08:06 528048                     /home/kevin/.m2/repository/org/springframework/data/spring-data-commons-core/1.4.1.RELEASE/spring-data-commons-core-1.4.1.RELEASE.jar
7f9546427000-7f9546429000 r--s 00000000 08:06 526925                     /home/kevin/.m2/repository/aopalliance/aopalliance/1.0/aopalliance-1.0.jar
7f9546429000-7f9546432000 r--s 0004a000 08:06 528046                     /home/kevin/.m2/repository/org/springframework/spring-aop/3.2.8.RELEASE/spring-aop-3.2.8.RELEASE.jar
7f9546432000-7f954643a000 r--s 00034000 08:06 528038                     /home/kevin/.m2/repository/org/springframework/spring-tx/3.2.8.RELEASE/spring-tx-3.2.8.RELEASE.jar
7f954643a000-7f9546444000 r--s 0005a000 08:06 528032                     /home/kevin/.m2/repository/org/springframework/spring-jdbc/3.2.8.RELEASE/spring-jdbc-3.2.8.RELEASE.jar
7f9546444000-7f954644d000 r--s 00056000 08:06 528034                     /home/kevin/.m2/repository/org/springframework/spring-orm/3.2.8.RELEASE/spring-orm-3.2.8.RELEASE.jar
7f954644d000-7f9546455000 r--s 00078000 08:06 528031                     /home/kevin/.m2/repository/com/sun/mail/javax.mail/1.5.0/javax.mail-1.5.0.jar
7f9546455000-7f9546489000 r--s 001a4000 08:06 528030                     /home/kevin/.m2/repository/javax/javaee-api/7.0/javaee-api-7.0.jar
7f9546489000-7f9546495000 r--s 00098000 08:06 528033                     /home/kevin/.m2/repository/org/springframework/spring-beans/4.0.7.RELEASE/spring-beans-4.0.7.RELEASE.jar
7f9546495000-7f954649c000 r--s 00000000 08:06 789454                     /usr/lib/x86_64-linux-gnu/gconv/gconv-modules.cache
7f954649c000-7f95464bf000 r--p 00000000 08:06 792860                     /usr/share/locale/fr/LC_MESSAGES/libc.mo
7f95464bf000-7f95464c1000 r--s 0000e000 08:06 526873                     /home/kevin/.m2/repository/javax/activation/activation/1.1/activation-1.1.jar
7f95464c1000-7f95464c3000 r--s 00004000 08:06 526874                     /home/kevin/.m2/repository/javax/xml/stream/stax-api/1.0-2/stax-api-1.0-2.jar
7f95464c3000-7f95464c6000 r--s 00013000 08:06 526872                     /home/kevin/.m2/repository/javax/xml/bind/jaxb-api/2.1/jaxb-api-2.1.jar
7f95464c6000-7f95464d8000 r--s 000c2000 08:06 527105                     /home/kevin/.m2/repository/com/sun/xml/bind/jaxb-impl/2.1.12/jaxb-impl-2.1.12.jar
7f95464d8000-7f9546512000 r--s 002bb000 08:06 527107                     /home/kevin/.m2/repository/com/sun/xml/bind/jaxb-xjc/2.1.12/jaxb-xjc-2.1.12.jar
7f9546512000-7f9546515000 ---p 00000000 00:00 0 
7f9546515000-7f954654b000 rw-p 00000000 00:00 0 
7f954654b000-7f9546569000 r--s 0014f000 08:06 1460104                    /usr/local/netbeans-8.0.1/java/maven/lib/sisu-guava-0.9.9.jar
7f9546569000-7f954659a000 rw-p 00000000 00:00 0 
7f954659a000-7f95465d6000 r-xp 00000000 08:06 1573398                    /lib/x86_64-linux-gnu/libpcre.so.3.13.1
7f95465d6000-7f95467d6000 ---p 0003c000 08:06 1573398                    /lib/x86_64-linux-gnu/libpcre.so.3.13.1
7f95467d6000-7f95467d7000 rw-p 0003c000 08:06 1573398                    /lib/x86_64-linux-gnu/libpcre.so.3.13.1
7f95467d7000-7f95467e3000 r-xp 00000000 08:06 790618                     /usr/lib/x86_64-linux-gnu/libffi.so.5.0.10
7f95467e3000-7f95469e3000 ---p 0000c000 08:06 790618                     /usr/lib/x86_64-linux-gnu/libffi.so.5.0.10
7f95469e3000-7f95469e4000 rw-p 0000c000 08:06 790618                     /usr/lib/x86_64-linux-gnu/libffi.so.5.0.10
7f95469e4000-7f95469e5000 r-xp 00000000 08:06 790621                     /usr/lib/x86_64-linux-gnu/libgthread-2.0.so.0.3200.4
7f95469e5000-7f9546be4000 ---p 00001000 08:06 790621                     /usr/lib/x86_64-linux-gnu/libgthread-2.0.so.0.3200.4
7f9546be4000-7f9546be5000 r--p 00000000 08:06 790621                     /usr/lib/x86_64-linux-gnu/libgthread-2.0.so.0.3200.4
7f9546be5000-7f9546be6000 rw-p 00001000 08:06 790621                     /usr/lib/x86_64-linux-gnu/libgthread-2.0.so.0.3200.4
7f9546be6000-7f9546bf9000 r-xp 00000000 08:06 1589592                    /lib/x86_64-linux-gnu/libresolv-2.13.so
7f9546bf9000-7f9546df8000 ---p 00013000 08:06 1589592                    /lib/x86_64-linux-gnu/libresolv-2.13.so
7f9546df8000-7f9546df9000 r--p 00012000 08:06 1589592                    /lib/x86_64-linux-gnu/libresolv-2.13.so
7f9546df9000-7f9546dfa000 rw-p 00013000 08:06 1589592                    /lib/x86_64-linux-gnu/libresolv-2.13.so
7f9546dfa000-7f9546dfc000 rw-p 00000000 00:00 0 
7f9546dfc000-7f9546e1a000 r-xp 00000000 08:06 1572910                    /lib/x86_64-linux-gnu/libselinux.so.1
7f9546e1a000-7f9547019000 ---p 0001e000 08:06 1572910                    /lib/x86_64-linux-gnu/libselinux.so.1
7f9547019000-7f954701a000 r--p 0001d000 08:06 1572910                    /lib/x86_64-linux-gnu/libselinux.so.1
7f954701a000-7f954701b000 rw-p 0001e000 08:06 1572910                    /lib/x86_64-linux-gnu/libselinux.so.1
7f954701b000-7f954701c000 rw-p 00000000 00:00 0 
7f954701c000-7f954701f000 r-xp 00000000 08:06 790623                     /usr/lib/x86_64-linux-gnu/libgmodule-2.0.so.0.3200.4
7f954701f000-7f954721e000 ---p 00003000 08:06 790623                     /usr/lib/x86_64-linux-gnu/libgmodule-2.0.so.0.3200.4
7f954721e000-7f954721f000 r--p 00002000 08:06 790623                     /usr/lib/x86_64-linux-gnu/libgmodule-2.0.so.0.3200.4
7f954721f000-7f9547220000 rw-p 00003000 08:06 790623                     /usr/lib/x86_64-linux-gnu/libgmodule-2.0.so.0.3200.4
7f9547220000-7f9547315000 r-xp 00000000 08:06 1573404                    /lib/x86_64-linux-gnu/libglib-2.0.so.0.3200.4
7f9547315000-7f9547515000 ---p 000f5000 08:06 1573404                    /lib/x86_64-linux-gnu/libglib-2.0.so.0.3200.4
7f9547515000-7f9547516000 r--p 000f5000 08:06 1573404                    /lib/x86_64-linux-gnu/libglib-2.0.so.0.3200.4
7f9547516000-7f9547517000 rw-p 000f6000 08:06 1573404                    /lib/x86_64-linux-gnu/libglib-2.0.so.0.3200.4
7f9547517000-7f9547518000 rw-p 00000000 00:00 0 
7f9547518000-7f9547566000 r-xp 00000000 08:06 790620                     /usr/lib/x86_64-linux-gnu/libgobject-2.0.so.0.3200.4
7f9547566000-7f9547766000 ---p 0004e000 08:06 790620                     /usr/lib/x86_64-linux-gnu/libgobject-2.0.so.0.3200.4
7f9547766000-7f9547767000 r--p 0004e000 08:06 790620                     /usr/lib/x86_64-linux-gnu/libgobject-2.0.so.0.3200.4
7f9547767000-7f9547768000 rw-p 0004f000 08:06 790620                     /usr/lib/x86_64-linux-gnu/libgobject-2.0.so.0.3200.4
7f9547768000-7f95478b4000 r-xp 00000000 08:06 790626                     /usr/lib/x86_64-linux-gnu/libgio-2.0.so.0.3200.4
7f95478b4000-7f9547ab3000 ---p 0014c000 08:06 790626                     /usr/lib/x86_64-linux-gnu/libgio-2.0.so.0.3200.4
7f9547ab3000-7f9547ab7000 r--p 0014b000 08:06 790626                     /usr/lib/x86_64-linux-gnu/libgio-2.0.so.0.3200.4
7f9547ab7000-7f9547ab9000 rw-p 0014f000 08:06 790626                     /usr/lib/x86_64-linux-gnu/libgio-2.0.so.0.3200.4
7f9547ab9000-7f9547abb000 rw-p 00000000 00:00 0 
7f9547abb000-7f9547abc000 r--s 00001000 08:06 526460                     /home/kevin/.m2/repository/com/mysema/maven/maven-apt-plugin/1.0.2/maven-apt-plugin-1.0.2.jar
7f9547abc000-7f9547abf000 r--s 00012000 08:06 528104                     /home/kevin/.m2/repository/org/springframework/security/spring-security-acl/3.2.3.RELEASE/spring-security-acl-3.2.3.RELEASE.jar
7f9547abf000-7f9547ac0000 r--s 00005000 08:06 528095                     /home/kevin/.m2/repository/org/springframework/security/spring-security-taglibs/3.2.3.RELEASE/spring-security-taglibs-3.2.3.RELEASE.jar
7f9547ac0000-7f9547ac5000 r--s 00039000 08:06 527106                     /home/kevin/.m2/repository/org/codehaus/plexus/plexus-utils/1.5.5/plexus-utils-1.5.5.jar
7f9547ac5000-7f9547ac6000 r--s 00004000 08:06 527103                     /home/kevin/.m2/repository/org/codehaus/plexus/plexus-compiler-api/1.5.3/plexus-compiler-api-1.5.3.jar
7f9547ac6000-7f9547ac8000 r--s 00007000 08:06 527104                     /home/kevin/.m2/repository/org/codehaus/plexus/plexus-interpolation/1.1/plexus-interpolation-1.1.jar
7f9547ac8000-7f9547ac9000 r--s 00006000 08:06 526444                     /home/kevin/.m2/repository/org/codehaus/mojo/jaxb2-maven-plugin/1.3/jaxb2-maven-plugin-1.3.jar
7f9547ac9000-7f9547acd000 r--s 00033000 08:06 527434                     /home/kevin/.m2/repository/org/codehaus/plexus/plexus-utils/2.0.5/plexus-utils-2.0.5.jar
7f9547acd000-7f9547ace000 r--s 00005000 08:06 527917                     /home/kevin/.m2/repository/org/apache/maven/plugins/maven-clean-plugin/2.4.1/maven-clean-plugin-2.4.1.jar
7f9547ace000-7f9547ad3000 r--s 0004c000 08:06 1061877                    /usr/lib/jvm/java-7-openjdk-amd64/jre/lib/jsse.jar
7f9547ad3000-7f9547ad5000 r--s 0000c000 08:06 1460086                    /usr/local/netbeans-8.0.1/java/maven-nblib/netbeans-eventspy.jar
7f9547ad5000-7f9547aec000 r-xp 00000000 08:06 1061914                    /usr/lib/jvm/java-7-openjdk-amd64/jre/lib/amd64/libnet.so
7f9547aec000-7f9547ceb000 ---p 00017000 08:06 1061914                    /usr/lib/jvm/java-7-openjdk-amd64/jre/lib/amd64/libnet.so
7f9547ceb000-7f9547cec000 r--p 00016000 08:06 1061914                    /usr/lib/jvm/java-7-openjdk-amd64/jre/lib/amd64/libnet.so
7f9547cec000-7f9547ced000 rw-p 00017000 08:06 1061914                    /usr/lib/jvm/java-7-openjdk-amd64/jre/lib/amd64/libnet.so
7f9547ced000-7f9547cfd000 r-xp 00000000 08:06 1061915                    /usr/lib/jvm/java-7-openjdk-amd64/jre/lib/amd64/libnio.so
7f9547cfd000-7f9547efd000 ---p 00010000 08:06 1061915                    /usr/lib/jvm/java-7-openjdk-amd64/jre/lib/amd64/libnio.so
7f9547efd000-7f9547efe000 r--p 00010000 08:06 1061915                    /usr/lib/jvm/java-7-openjdk-amd64/jre/lib/amd64/libnio.so
7f9547efe000-7f9547eff000 rw-p 00011000 08:06 1061915                    /usr/lib/jvm/java-7-openjdk-amd64/jre/lib/amd64/libnio.so
7f9547eff000-7f9547f00000 ---p 00000000 00:00 0 
7f9547f00000-7f9548000000 rw-p 00000000 00:00 0 
7f9548000000-7f95492f6000 rw-p 00000000 00:00 0 
7f95492f6000-7f954c000000 ---p 00000000 00:00 0 
7f954c000000-7f954c001000 r--p 00000000 00:00 0 
7f954c001000-7f954c003000 r--s 0000c000 08:06 1459984                    /usr/local/netbeans-8.0.1/java/maven/lib/maven-aether-provider-3.0.5.jar
7f954c003000-7f954c004000 r--s 00003000 08:06 1460098                    /usr/local/netbeans-8.0.1/java/maven/lib/aether-spi-1.13.1.jar
7f954c004000-7f954c00a000 r--s 0003e000 08:06 1460092                    /usr/local/netbeans-8.0.1/java/maven/lib/maven-compat-3.0.5.jar
7f954c00a000-7f954c00f000 r--s 00020000 08:06 1460017                    /usr/local/netbeans-8.0.1/java/maven/lib/maven-model-builder-3.0.5.jar
7f954c00f000-7f954c011000 r--s 0000b000 08:06 1460061                    /usr/local/netbeans-8.0.1/java/maven/lib/wagon-provider-api-2.4.jar
7f954c011000-7f954c013000 r--s 00006000 08:06 1459875                    /usr/local/netbeans-8.0.1/java/maven/lib/maven-repository-metadata-3.0.5.jar
7f954c013000-7f954c016000 r--s 0001d000 08:06 1460090                    /usr/local/netbeans-8.0.1/java/maven/lib/aether-impl-1.13.1.jar
7f954c016000-7f954c018000 r--s 0000d000 08:06 1460019                    /usr/local/netbeans-8.0.1/java/maven/lib/plexus-interpolation-1.14.jar
7f954c018000-7f954c01c000 r--s 0001c000 08:06 1460091                    /usr/local/netbeans-8.0.1/java/maven/lib/aether-util-1.13.1.jar
7f954c01c000-7f954c01e000 r--s 00000000 08:06 1459750                    /usr/local/netbeans-8.0.1/java/maven/lib/plexus-component-annotations-1.5.5.jar
7f954c01e000-7f954c01f000 r--s 00006000 08:06 1460018                    /usr/local/netbeans-8.0.1/java/maven/lib/plexus-sec-dispatcher-1.3.jar
7f954c01f000-7f954c027000 r--s 0004e000 08:06 1460049                    /usr/local/netbeans-8.0.1/java/maven/lib/sisu-guice-3.1.0-no_aop.jar
7f954c027000-7f954c02a000 r--s 00008000 08:06 1459968                    /usr/local/netbeans-8.0.1/java/maven/lib/maven-settings-builder-3.0.5.jar
7f954c02a000-7f954c031000 r--s 0003e000 08:06 1460063                    /usr/local/netbeans-8.0.1/java/maven/lib/sisu-inject-bean-2.3.0.jar
7f954c031000-7f954c033000 r--s 00002000 08:06 1460096                    /usr/local/netbeans-8.0.1/java/maven/lib/plexus-cipher-1.7.jar
7f954c033000-7f954c035000 r--s 0000a000 08:06 1460078                    /usr/local/netbeans-8.0.1/java/maven/lib/maven-settings-3.0.5.jar
7f954c035000-7f954c038000 r--s 00025000 08:06 1460095                    /usr/local/netbeans-8.0.1/java/maven/lib/maven-model-3.0.5.jar
7f954c038000-7f954c03a000 r--s 0000b000 08:06 1460076                    /usr/local/netbeans-8.0.1/java/maven/lib/maven-artifact-3.0.5.jar
7f954c03a000-7f954c055000 r--s 000e0000 08:06 1460071                    /usr/local/netbeans-8.0.1/java/maven/lib/wagon-http-2.4-shaded.jar
7f954c055000-7f954c057000 r--s 00009000 08:06 1460077                    /usr/local/netbeans-8.0.1/java/maven/lib/maven-embedder-3.0.5.jar
7f954c057000-7f954c05d000 r--s 0002b000 08:06 1460038                    /usr/local/netbeans-8.0.1/java/maven/lib/sisu-inject-plexus-2.3.0.jar
7f954c05d000-7f954c060000 r--s 00033000 08:06 1460089                    /usr/local/netbeans-8.0.1/java/maven/lib/plexus-utils-2.0.6.jar
7f954c060000-7f954c062000 r--s 0000a000 08:06 1460062                    /usr/local/netbeans-8.0.1/java/maven/lib/maven-plugin-api-3.0.5.jar
7f954c062000-7f954c06e000 r--s 0007b000 08:06 1460103                    /usr/local/netbeans-8.0.1/java/maven/lib/maven-core-3.0.5.jar
7f954c06e000-7f954c070000 r--s 00006000 08:06 1459943                    /usr/local/netbeans-8.0.1/java/maven/lib/aether-connector-wagon-1.13.1.jar
7f954c070000-7f954c074000 r--s 00012000 08:06 1460097                    /usr/local/netbeans-8.0.1/java/maven/lib/aether-api-1.13.1.jar
7f954c074000-7f954c077000 ---p 00000000 00:00 0 
7f954c077000-7f954c175000 rw-p 00000000 00:00 0 
7f954c175000-7f954c178000 ---p 00000000 00:00 0 
7f954c178000-7f954c276000 rw-p 00000000 00:00 0 
7f954c276000-7f954c279000 ---p 00000000 00:00 0 
7f954c279000-7f954c377000 rw-p 00000000 00:00 0 
7f954c377000-7f954c37a000 ---p 00000000 00:00 0 
7f954c37a000-7f954c478000 rw-p 00000000 00:00 0 
7f954c478000-7f954c5ef000 r--p 00000000 08:06 793697                     /usr/lib/locale/locale-archive
7f954c5ef000-7f954c5f2000 ---p 00000000 00:00 0 
7f954c5f2000-7f954c6f0000 rw-p 00000000 00:00 0 
7f954c6f0000-7f954c6f3000 ---p 00000000 00:00 0 
7f954c6f3000-7f954c7f1000 rw-p 00000000 00:00 0 
7f954c7f1000-7f954c7f2000 ---p 00000000 00:00 0 
7f954c7f2000-7f954d8ef000 rw-p 00000000 00:00 0 
7f954d8ef000-7f954daa0000 r--s 01d25000 08:06 1061949                    /usr/lib/jvm/java-7-openjdk-amd64/jre/lib/rt.jar
7f954daa0000-7f9550063000 rw-p 00000000 00:00 0 
7f9550063000-7f9550064000 ---p 00000000 00:00 0 
7f9550064000-7f9550164000 rw-p 00000000 00:00 0 
7f9550164000-7f9550165000 ---p 00000000 00:00 0 
7f9550165000-7f9550265000 rw-p 00000000 00:00 0 
7f9550265000-7f9550266000 ---p 00000000 00:00 0 
7f9550266000-7f9550366000 rw-p 00000000 00:00 0 
7f9550366000-7f9550367000 ---p 00000000 00:00 0 
7f9550367000-7f9550475000 rw-p 00000000 00:00 0 
7f9550475000-7f95504ba000 rw-p 00000000 00:00 0 
7f95504ba000-7f95504ce000 rw-p 00000000 00:00 0 
7f95504ce000-7f95505f4000 rw-p 00000000 00:00 0 
7f95505f4000-7f9550602000 rw-p 00000000 00:00 0 
7f9550602000-7f9550647000 rw-p 00000000 00:00 0 
7f9550647000-7f955065b000 rw-p 00000000 00:00 0 
7f955065b000-7f9550781000 rw-p 00000000 00:00 0 
7f9550781000-7f95507c7000 rw-p 00000000 00:00 0 
7f95507c7000-7f955081e000 rw-p 00000000 00:00 0 
7f955081e000-7f955081f000 rw-p 00000000 00:00 0 
7f955081f000-7f9550a8f000 rwxp 00000000 00:00 0 
7f9550a8f000-7f955381f000 rw-p 00000000 00:00 0 
7f955381f000-7f9553827000 r-xp 00000000 08:06 1061934                    /usr/lib/jvm/java-7-openjdk-amd64/jre/lib/amd64/libzip.so
7f9553827000-7f9553a26000 ---p 00008000 08:06 1061934                    /usr/lib/jvm/java-7-openjdk-amd64/jre/lib/amd64/libzip.so
7f9553a26000-7f9553a27000 r--p 00007000 08:06 1061934                    /usr/lib/jvm/java-7-openjdk-amd64/jre/lib/amd64/libzip.so
7f9553a27000-7f9553a28000 rw-p 00008000 08:06 1061934                    /usr/lib/jvm/java-7-openjdk-amd64/jre/lib/amd64/libzip.so
7f9553a28000-7f9553a33000 r-xp 00000000 08:06 1589583                    /lib/x86_64-linux-gnu/libnss_files-2.13.so
7f9553a33000-7f9553c32000 ---p 0000b000 08:06 1589583                    /lib/x86_64-linux-gnu/libnss_files-2.13.so
7f9553c32000-7f9553c33000 r--p 0000a000 08:06 1589583                    /lib/x86_64-linux-gnu/libnss_files-2.13.so
7f9553c33000-7f9553c34000 rw-p 0000b000 08:06 1589583                    /lib/x86_64-linux-gnu/libnss_files-2.13.so
7f9553c34000-7f9553c3e000 r-xp 00000000 08:06 1589586                    /lib/x86_64-linux-gnu/libnss_nis-2.13.so
7f9553c3e000-7f9553e3d000 ---p 0000a000 08:06 1589586                    /lib/x86_64-linux-gnu/libnss_nis-2.13.so
7f9553e3d000-7f9553e3e000 r--p 00009000 08:06 1589586                    /lib/x86_64-linux-gnu/libnss_nis-2.13.so
7f9553e3e000-7f9553e3f000 rw-p 0000a000 08:06 1589586                    /lib/x86_64-linux-gnu/libnss_nis-2.13.so
7f9553e3f000-7f9553e54000 r-xp 00000000 08:06 1589578                    /lib/x86_64-linux-gnu/libnsl-2.13.so
7f9553e54000-7f9554053000 ---p 00015000 08:06 1589578                    /lib/x86_64-linux-gnu/libnsl-2.13.so
7f9554053000-7f9554054000 r--p 00014000 08:06 1589578                    /lib/x86_64-linux-gnu/libnsl-2.13.so
7f9554054000-7f9554055000 rw-p 00015000 08:06 1589578                    /lib/x86_64-linux-gnu/libnsl-2.13.so
7f9554055000-7f9554057000 rw-p 00000000 00:00 0 
7f9554057000-7f955405e000 r-xp 00000000 08:06 1589580                    /lib/x86_64-linux-gnu/libnss_compat-2.13.so
7f955405e000-7f955425d000 ---p 00007000 08:06 1589580                    /lib/x86_64-linux-gnu/libnss_compat-2.13.so
7f955425d000-7f955425e000 r--p 00006000 08:06 1589580                    /lib/x86_64-linux-gnu/libnss_compat-2.13.so
7f955425e000-7f955425f000 rw-p 00007000 08:06 1589580                    /lib/x86_64-linux-gnu/libnss_compat-2.13.so
7f955425f000-7f955428a000 r-xp 00000000 08:06 1061899                    /usr/lib/jvm/java-7-openjdk-amd64/jre/lib/amd64/libjava.so
7f955428a000-7f9554489000 ---p 0002b000 08:06 1061899                    /usr/lib/jvm/java-7-openjdk-amd64/jre/lib/amd64/libjava.so
7f9554489000-7f955448a000 r--p 0002a000 08:06 1061899                    /usr/lib/jvm/java-7-openjdk-amd64/jre/lib/amd64/libjava.so
7f955448a000-7f955448c000 rw-p 0002b000 08:06 1061899                    /usr/lib/jvm/java-7-openjdk-amd64/jre/lib/amd64/libjava.so
7f955448c000-7f955449b000 r-xp 00000000 08:06 1061933                    /usr/lib/jvm/java-7-openjdk-amd64/jre/lib/amd64/libverify.so
7f955449b000-7f955469a000 ---p 0000f000 08:06 1061933                    /usr/lib/jvm/java-7-openjdk-amd64/jre/lib/amd64/libverify.so
7f955469a000-7f955469c000 r--p 0000e000 08:06 1061933                    /usr/lib/jvm/java-7-openjdk-amd64/jre/lib/amd64/libverify.so
7f955469c000-7f955469d000 rw-p 00010000 08:06 1061933                    /usr/lib/jvm/java-7-openjdk-amd64/jre/lib/amd64/libverify.so
7f955469d000-7f95546a4000 r-xp 00000000 08:06 1589594                    /lib/x86_64-linux-gnu/librt-2.13.so
7f95546a4000-7f95548a3000 ---p 00007000 08:06 1589594                    /lib/x86_64-linux-gnu/librt-2.13.so
7f95548a3000-7f95548a4000 r--p 00006000 08:06 1589594                    /lib/x86_64-linux-gnu/librt-2.13.so
7f95548a4000-7f95548a5000 rw-p 00007000 08:06 1589594                    /lib/x86_64-linux-gnu/librt-2.13.so
7f95548a5000-7f95548ba000 r-xp 00000000 08:06 1572868                    /lib/x86_64-linux-gnu/libgcc_s.so.1
7f95548ba000-7f9554aba000 ---p 00015000 08:06 1572868                    /lib/x86_64-linux-gnu/libgcc_s.so.1
7f9554aba000-7f9554abb000 rw-p 00015000 08:06 1572868                    /lib/x86_64-linux-gnu/libgcc_s.so.1
7f9554abb000-7f9554b3c000 r-xp 00000000 08:06 1589567                    /lib/x86_64-linux-gnu/libm-2.13.so
7f9554b3c000-7f9554d3b000 ---p 00081000 08:06 1589567                    /lib/x86_64-linux-gnu/libm-2.13.so
7f9554d3b000-7f9554d3c000 r--p 00080000 08:06 1589567                    /lib/x86_64-linux-gnu/libm-2.13.so
7f9554d3c000-7f9554d3d000 rw-p 00081000 08:06 1589567                    /lib/x86_64-linux-gnu/libm-2.13.so
7f9554d3d000-7f9554e25000 r-xp 00000000 08:06 790390                     /usr/lib/x86_64-linux-gnu/libstdc++.so.6.0.17
7f9554e25000-7f9555025000 ---p 000e8000 08:06 790390                     /usr/lib/x86_64-linux-gnu/libstdc++.so.6.0.17
7f9555025000-7f955502d000 r--p 000e8000 08:06 790390                     /usr/lib/x86_64-linux-gnu/libstdc++.so.6.0.17
7f955502d000-7f955502f000 rw-p 000f0000 08:06 790390                     /usr/lib/x86_64-linux-gnu/libstdc++.so.6.0.17
7f955502f000-7f9555044000 rw-p 00000000 00:00 0 
7f9555044000-7f9555b40000 r-xp 00000000 08:06 1061935                    /usr/lib/jvm/java-7-openjdk-amd64/jre/lib/amd64/server/libjvm.so
7f9555b40000-7f9555d3f000 ---p 00afc000 08:06 1061935                    /usr/lib/jvm/java-7-openjdk-amd64/jre/lib/amd64/server/libjvm.so
7f9555d3f000-7f9555de0000 r--p 00afb000 08:06 1061935                    /usr/lib/jvm/java-7-openjdk-amd64/jre/lib/amd64/server/libjvm.so
7f9555de0000-7f9555e03000 rw-p 00b9c000 08:06 1061935                    /usr/lib/jvm/java-7-openjdk-amd64/jre/lib/amd64/server/libjvm.so
7f9555e03000-7f9555e30000 rw-p 00000000 00:00 0 
7f9555e30000-7f9555e46000 r-xp 00000000 08:06 1572954                    /lib/x86_64-linux-gnu/libz.so.1.2.7
7f9555e46000-7f9556045000 ---p 00016000 08:06 1572954                    /lib/x86_64-linux-gnu/libz.so.1.2.7
7f9556045000-7f9556046000 r--p 00015000 08:06 1572954                    /lib/x86_64-linux-gnu/libz.so.1.2.7
7f9556046000-7f9556047000 rw-p 00016000 08:06 1572954                    /lib/x86_64-linux-gnu/libz.so.1.2.7
7f9556047000-7f95561c9000 r-xp 00000000 08:06 1589548                    /lib/x86_64-linux-gnu/libc-2.13.so
7f95561c9000-7f95563c9000 ---p 00182000 08:06 1589548                    /lib/x86_64-linux-gnu/libc-2.13.so
7f95563c9000-7f95563cd000 r--p 00182000 08:06 1589548                    /lib/x86_64-linux-gnu/libc-2.13.so
7f95563cd000-7f95563ce000 rw-p 00186000 08:06 1589548                    /lib/x86_64-linux-gnu/libc-2.13.so
7f95563ce000-7f95563d3000 rw-p 00000000 00:00 0 
7f95563d3000-7f95563d5000 r-xp 00000000 08:06 1589556                    /lib/x86_64-linux-gnu/libdl-2.13.so
7f95563d5000-7f95565d5000 ---p 00002000 08:06 1589556                    /lib/x86_64-linux-gnu/libdl-2.13.so
7f95565d5000-7f95565d6000 r--p 00002000 08:06 1589556                    /lib/x86_64-linux-gnu/libdl-2.13.so
7f95565d6000-7f95565d7000 rw-p 00003000 08:06 1589556                    /lib/x86_64-linux-gnu/libdl-2.13.so
7f95565d7000-7f95565e4000 r-xp 00000000 08:06 1061938                    /usr/lib/jvm/java-7-openjdk-amd64/jre/lib/amd64/jli/libjli.so
7f95565e4000-7f95567e3000 ---p 0000d000 08:06 1061938                    /usr/lib/jvm/java-7-openjdk-amd64/jre/lib/amd64/jli/libjli.so
7f95567e3000-7f95567e4000 r--p 0000c000 08:06 1061938                    /usr/lib/jvm/java-7-openjdk-amd64/jre/lib/amd64/jli/libjli.so
7f95567e4000-7f95567e5000 rw-p 0000d000 08:06 1061938                    /usr/lib/jvm/java-7-openjdk-amd64/jre/lib/amd64/jli/libjli.so
7f95567e5000-7f95567fc000 r-xp 00000000 08:06 1589508                    /lib/x86_64-linux-gnu/libpthread-2.13.so
7f95567fc000-7f95569fb000 ---p 00017000 08:06 1589508                    /lib/x86_64-linux-gnu/libpthread-2.13.so
7f95569fb000-7f95569fc000 r--p 00016000 08:06 1589508                    /lib/x86_64-linux-gnu/libpthread-2.13.so
7f95569fc000-7f95569fd000 rw-p 00017000 08:06 1589508                    /lib/x86_64-linux-gnu/libpthread-2.13.so
7f95569fd000-7f9556a01000 rw-p 00000000 00:00 0 
7f9556a01000-7f9556a21000 r-xp 00000000 08:06 1589532                    /lib/x86_64-linux-gnu/ld-2.13.so
7f9556a21000-7f9556a22000 r--s 00009000 08:06 1460106                    /usr/local/netbeans-8.0.1/java/maven/lib/commons-cli-1.2.jar
7f9556a22000-7f9556a23000 r--s 00002000 08:06 1460108                    /usr/local/netbeans-8.0.1/java/maven/lib/wagon-file-2.4.jar
7f9556a23000-7f9556a25000 r--s 0000a000 08:06 1460051                    /usr/local/netbeans-8.0.1/java/maven/boot/plexus-classworlds-2.4.jar
7f9556a25000-7f9556a26000 r--s 00002000 08:06 1061943                    /usr/lib/jvm/java-7-openjdk-amd64/jre/lib/ext/dnsns.jar
7f9556a26000-7f9556a28000 r--s 00012000 08:06 1061940                    /usr/lib/jvm/java-7-openjdk-amd64/jre/lib/ext/zipfs.jar
7f9556a28000-7f9556a48000 rw-p 00000000 00:00 0 
7f9556a48000-7f9556afe000 rw-p 00000000 00:00 0 
7f9556afe000-7f9556b01000 ---p 00000000 00:00 0 
7f9556b01000-7f9556c04000 rw-p 00000000 00:00 0 
7f9556c04000-7f9556c08000 r--s 0003c000 08:06 1061944                    /usr/lib/jvm/java-7-openjdk-amd64/jre/lib/ext/sunpkcs11.jar
7f9556c08000-7f9556c0c000 r--s 00085000 08:06 1061942                    /usr/lib/jvm/java-7-openjdk-amd64/jre/lib/ext/localedata.jar
7f9556c0c000-7f9556c10000 r--s 00034000 08:06 1061941                    /usr/lib/jvm/java-7-openjdk-amd64/jre/lib/ext/sunjce_provider.jar
7f9556c10000-7f9556c11000 r--s 00007000 08:06 1442196                    /usr/share/java/java-atk-wrapper.jar
7f9556c11000-7f9556c14000 r--s 0000f000 08:06 1061945                    /usr/lib/jvm/java-7-openjdk-amd64/jre/lib/ext/icedtea-sound.jar
7f9556c14000-7f9556c1c000 rw-s 00000000 08:06 2499513                    /tmp/hsperfdata_kevin/8639
7f9556c1c000-7f9556c1d000 rw-p 00000000 00:00 0 
7f9556c1d000-7f9556c1e000 ---p 00000000 00:00 0 
7f9556c1e000-7f9556c20000 rw-p 00000000 00:00 0 
7f9556c20000-7f9556c21000 r--p 0001f000 08:06 1589532                    /lib/x86_64-linux-gnu/ld-2.13.so
7f9556c21000-7f9556c22000 rw-p 00020000 08:06 1589532                    /lib/x86_64-linux-gnu/ld-2.13.so
7f9556c22000-7f9556c23000 rw-p 00000000 00:00 0 
7fff58912000-7fff58933000 rw-p 00000000 00:00 0                          [stack]
7fff589ff000-7fff58a00000 r-xp 00000000 00:00 0                          [vdso]
ffffffffff600000-ffffffffff601000 r-xp 00000000 00:00 0                  [vsyscall]

VM Arguments:
jvm_args: -Dclassworlds.conf=/usr/local/netbeans-8.0.1/java/maven/bin/m2.conf -Dmaven.home=/usr/local/netbeans-8.0.1/java/maven 
java_command: org.codehaus.plexus.classworlds.launcher.Launcher -Dmaven.ext.class.path=/usr/local/netbeans-8.0.1/java/maven-nblib/netbeans-eventspy.jar clean install
Launcher Type: SUN_STANDARD

Environment Variables:
JAVA_HOME=/usr/lib/jvm/java-7-openjdk-amd64
PATH=/usr/local/bin:/usr/bin:/bin:/usr/local/games:/usr/games
USERNAME=kevin
LD_LIBRARY_PATH=/usr/lib/jvm/java-7-openjdk-amd64/jre/lib/amd64:/usr/lib/jvm/java-7-openjdk-amd64/jre/lib/i386:
SHELL=/bin/bash
DISPLAY=:0

Signal Handlers:
SIGSEGV: [libjvm.so+0x928e70], sa_mask[0]=0x7ffbfeff, sa_flags=0x10000004
SIGBUS: [libjvm.so+0x928e70], sa_mask[0]=0x7ffbfeff, sa_flags=0x10000004
SIGFPE: [libjvm.so+0x7ae680], sa_mask[0]=0x7ffbfeff, sa_flags=0x10000004
SIGPIPE: [libjvm.so+0x7ae680], sa_mask[0]=0x7ffbfeff, sa_flags=0x10000004
SIGXFSZ: [libjvm.so+0x7ae680], sa_mask[0]=0x7ffbfeff, sa_flags=0x10000004
SIGILL: [libjvm.so+0x7ae680], sa_mask[0]=0x7ffbfeff, sa_flags=0x10000004
SIGUSR1: SIG_DFL, sa_mask[0]=0x00000000, sa_flags=0x00000000
SIGUSR2: [libjvm.so+0x7ae9c0], sa_mask[0]=0x00000004, sa_flags=0x10000004
SIGHUP: [libjvm.so+0x7aeb30], sa_mask[0]=0x7ffbfeff, sa_flags=0x10000004
SIGINT: SIG_IGN, sa_mask[0]=0x00000000, sa_flags=0x00000000
SIGTERM: [libjvm.so+0x7aeb30], sa_mask[0]=0x7ffbfeff, sa_flags=0x10000004
SIGQUIT: [libjvm.so+0x7aeb30], sa_mask[0]=0x7ffbfeff, sa_flags=0x10000004
SIGTRAP: SIG_DFL, sa_mask[0]=0x00000000, sa_flags=0x00000000


---------------  S Y S T E M  ---------------

OS:7.7

uname:Linux 3.2.0-4-amd64 #1 SMP Debian 3.2.63-2+deb7u2 x86_64
libc:glibc 2.13 NPTL 2.13 
rlimit: STACK 8192k, CORE 0k, NPROC 30032, NOFILE 4096, AS infinity
load average:2,98 1,32 0,84

/proc/meminfo:
MemTotal:        3856372 kB
MemFree:           89024 kB
Buffers:            2412 kB
Cached:           181040 kB
SwapCached:            0 kB
Active:          3481260 kB
Inactive:         161852 kB
Active(anon):    3466916 kB
Inactive(anon):   145880 kB
Active(file):      14344 kB
Inactive(file):    15972 kB
Unevictable:          16 kB
Mlocked:              16 kB
SwapTotal:             0 kB
SwapFree:              0 kB
Dirty:                32 kB
Writeback:           176 kB
AnonPages:       3460872 kB
Mapped:            27080 kB
Shmem:            152264 kB
Slab:              56376 kB
SReclaimable:      22828 kB
SUnreclaim:        33548 kB
KernelStack:        9864 kB
PageTables:        28536 kB
NFS_Unstable:          0 kB
Bounce:                0 kB
WritebackTmp:          0 kB
CommitLimit:     1928184 kB
Committed_AS:    6353632 kB
VmallocTotal:   34359738367 kB
VmallocUsed:      421812 kB
VmallocChunk:   34359306171 kB
HardwareCorrupted:     0 kB
AnonHugePages:         0 kB
HugePages_Total:       0
HugePages_Free:        0
HugePages_Rsvd:        0
HugePages_Surp:        0
Hugepagesize:       2048 kB
DirectMap4k:       53248 kB
DirectMap2M:     3936256 kB


CPU:total 4 (2 cores per cpu, 2 threads per core) family 6 model 37 stepping 5, cmov, cx8, fxsr, mmx, sse, sse2, sse3, ssse3, sse4.1, sse4.2, popcnt, ht, tsc, tscinvbit

/proc/cpuinfo:
processor	: 0
vendor_id	: GenuineIntel
cpu family	: 6
model		: 37
model name	: Intel(R) Core(TM) i5 CPU       M 460  @ 2.53GHz
stepping	: 5
microcode	: 0x2
cpu MHz		: 1466.000
cache size	: 3072 KB
physical id	: 0
siblings	: 4
core id		: 0
cpu cores	: 2
apicid		: 0
initial apicid	: 0
fpu		: yes
fpu_exception	: yes
cpuid level	: 11
wp		: yes
flags		: fpu vme de pse tsc msr pae mce cx8 apic sep mtrr pge mca cmov pat pse36 clflush dts acpi mmx fxsr sse sse2 ss ht tm pbe syscall nx rdtscp lm constant_tsc arch_perfmon pebs bts rep_good nopl xtopology nonstop_tsc aperfmperf pni dtes64 monitor ds_cpl vmx est tm2 ssse3 cx16 xtpr pdcm pcid sse4_1 sse4_2 popcnt lahf_lm ida arat dtherm tpr_shadow vnmi flexpriority ept vpid
bogomips	: 5053.05
clflush size	: 64
cache_alignment	: 64
address sizes	: 36 bits physical, 48 bits virtual
power management:

processor	: 1
vendor_id	: GenuineIntel
cpu family	: 6
model		: 37
model name	: Intel(R) Core(TM) i5 CPU       M 460  @ 2.53GHz
stepping	: 5
microcode	: 0x2
cpu MHz		: 2399.000
cache size	: 3072 KB
physical id	: 0
siblings	: 4
core id		: 0
cpu cores	: 2
apicid		: 1
initial apicid	: 1
fpu		: yes
fpu_exception	: yes
cpuid level	: 11
wp		: yes
flags		: fpu vme de pse tsc msr pae mce cx8 apic sep mtrr pge mca cmov pat pse36 clflush dts acpi mmx fxsr sse sse2 ss ht tm pbe syscall nx rdtscp lm constant_tsc arch_perfmon pebs bts rep_good nopl xtopology nonstop_tsc aperfmperf pni dtes64 monitor ds_cpl vmx est tm2 ssse3 cx16 xtpr pdcm pcid sse4_1 sse4_2 popcnt lahf_lm ida arat dtherm tpr_shadow vnmi flexpriority ept vpid
bogomips	: 5053.85
clflush size	: 64
cache_alignment	: 64
address sizes	: 36 bits physical, 48 bits virtual
power management:

processor	: 2
vendor_id	: GenuineIntel
cpu family	: 6
model		: 37
model name	: Intel(R) Core(TM) i5 CPU       M 460  @ 2.53GHz
stepping	: 5
microcode	: 0x2
cpu MHz		: 2534.000
cache size	: 3072 KB
physical id	: 0
siblings	: 4
core id		: 2
cpu cores	: 2
apicid		: 4
initial apicid	: 4
fpu		: yes
fpu_exception	: yes
cpuid level	: 11
wp		: yes
flags		: fpu vme de pse tsc msr pae mce cx8 apic sep mtrr pge mca cmov pat pse36 clflush dts acpi mmx fxsr sse sse2 ss ht tm pbe syscall nx rdtscp lm constant_tsc arch_perfmon pebs bts rep_good nopl xtopology nonstop_tsc aperfmperf pni dtes64 monitor ds_cpl vmx est tm2 ssse3 cx16 xtpr pdcm pcid sse4_1 sse4_2 popcnt lahf_lm ida arat dtherm tpr_shadow vnmi flexpriority ept vpid
bogomips	: 4972.17
clflush size	: 64
cache_alignment	: 64
address sizes	: 36 bits physical, 48 bits virtual
power management:

processor	: 3
vendor_id	: GenuineIntel
cpu family	: 6
model		: 37
model name	: Intel(R) Core(TM) i5 CPU       M 460  @ 2.53GHz
stepping	: 5
microcode	: 0x2
cpu MHz		: 1599.000
cache size	: 3072 KB
physical id	: 0
siblings	: 4
core id		: 2
cpu cores	: 2
apicid		: 5
initial apicid	: 5
fpu		: yes
fpu_exception	: yes
cpuid level	: 11
wp		: yes
flags		: fpu vme de pse tsc msr pae mce cx8 apic sep mtrr pge mca cmov pat pse36 clflush dts acpi mmx fxsr sse sse2 ss ht tm pbe syscall nx rdtscp lm constant_tsc arch_perfmon pebs bts rep_good nopl xtopology nonstop_tsc aperfmperf pni dtes64 monitor ds_cpl vmx est tm2 ssse3 cx16 xtpr pdcm pcid sse4_1 sse4_2 popcnt lahf_lm ida arat dtherm tpr_shadow vnmi flexpriority ept vpid
bogomips	: 5053.89
clflush size	: 64
cache_alignment	: 64
address sizes	: 36 bits physical, 48 bits virtual
power management:



Memory: 4k page, physical 3856372k(89024k free), swap 0k(0k free)

vm_info: OpenJDK 64-Bit Server VM (24.65-b04) for linux-amd64 JRE (1.7.0_65-b32), built on Nov 28 2014 12:31:32 by "buildd" with gcc 4.7.2

time: Mon Dec 29 21:37:56 2014
elapsed time: 15 seconds

